Build started 8/2/2014 7:52:13 PM.
     1>Project "C:\Users\majidGolshadi\Documents\Visual Studio 2012\Projects\CUDAMD5Example-master\CUDAMD5Example\CUDAMD5Example.vcxproj" on node 2 (Build target(s)).
     1>AddCudaCompileDeps:
         C:\Program Files (x86)\Microsoft Visual Studio 11.0\VC\bin\cl.exe /E /nologo /showIncludes /TP /D__CUDACC__ /DWIN32 /D_DEBUG /D_CONSOLE /D_MBCS /I"C:\Program Files\NVIDIA GPU Computing Toolkit\CUDA\v5.5\include" /I"C:\Program Files\NVIDIA GPU Computing Toolkit\CUDA\v5.5\bin" /I"C:\Program Files\NVIDIA GPU Computing Toolkit\CUDA\v5.5\include" /I. /FIcuda_runtime.h /c "C:\Users\majidGolshadi\Documents\Visual Studio 2012\Projects\CUDAMD5Example-master\CUDAMD5Example\md5kernel.cu" 
       CudaBuild:
         Compiling CUDA source file md5kernel.cu...
         cmd.exe /C "C:\Users\majidGolshadi\AppData\Local\Temp\tmp2d635e703c134984bb4837b1f15421de.cmd"
         "C:\Program Files\NVIDIA GPU Computing Toolkit\CUDA\v5.5\bin\nvcc.exe" -gencode=arch=compute_20,code=\"sm_21,compute_20\" --use-local-env --cl-version 2012 -ccbin "C:\Program Files (x86)\Microsoft Visual Studio 11.0\VC\bin"  -I"C:\Program Files\NVIDIA GPU Computing Toolkit\CUDA\v5.5\include" -I"C:\Program Files\NVIDIA GPU Computing Toolkit\CUDA\v5.5\include"  -G   --keep-dir Debug -maxrregcount=0  --machine 32 --compile -cudart static  -g   -DWIN32 -D_DEBUG -D_CONSOLE -D_MBCS -Xcompiler "/EHsc /W3 /nologo /Od /Zi /RTC1 /MDd  " -o Debug\md5kernel.cu.obj "C:\Users\majidGolshadi\Documents\Visual Studio 2012\Projects\CUDAMD5Example-master\CUDAMD5Example\md5kernel.cu"
         
         C:\Users\majidGolshadi\Documents\Visual Studio 2012\Projects\CUDAMD5Example-master\CUDAMD5Example>"C:\Program Files\NVIDIA GPU Computing Toolkit\CUDA\v5.5\bin\nvcc.exe" -gencode=arch=compute_20,code=\"sm_21,compute_20\" --use-local-env --cl-version 2012 -ccbin "C:\Program Files (x86)\Microsoft Visual Studio 11.0\VC\bin"  -I"C:\Program Files\NVIDIA GPU Computing Toolkit\CUDA\v5.5\include" -I"C:\Program Files\NVIDIA GPU Computing Toolkit\CUDA\v5.5\include"  -G   --keep-dir Debug -maxrregcount=0  --machine 32 --compile -cudart static  -g   -DWIN32 -D_DEBUG -D_CONSOLE -D_MBCS -Xcompiler "/EHsc /W3 /nologo /Od /Zi /RTC1 /MDd  " -o Debug\md5kernel.cu.obj "C:\Users\majidGolshadi\Documents\Visual Studio 2012\Projects\CUDAMD5Example-master\CUDAMD5Example\md5kernel.cu" 
       ClCompile:
         C:\Program Files (x86)\Microsoft Visual Studio 11.0\VC\bin\CL.exe /c /I"C:\Program Files\NVIDIA GPU Computing Toolkit\CUDA\v5.5\include" /ZI /nologo /W3 /WX- /Od /Oy- /D WIN32 /D _DEBUG /D _CONSOLE /D _MBCS /Gm /EHsc /RTC1 /MDd /GS /fp:precise /Zc:wchar_t /Zc:forScope /Fo"Debug\\" /Fd"Debug\vc110.pdb" /Gd /TP /analyze- /errorReport:prompt main.cpp
         main.cpp
       Link:
         C:\Program Files (x86)\Microsoft Visual Studio 11.0\VC\bin\link.exe /ERRORREPORT:PROMPT /OUT:"C:\Users\majidGolshadi\Documents\Visual Studio 2012\Projects\CUDAMD5Example-master\CUDAMD5Example\Debug\CPU vs CUDA MD5.exe" /INCREMENTAL /NOLOGO /LIBPATH:"C:\Program Files\NVIDIA GPU Computing Toolkit\CUDA\v5.5\lib\Win32" cudart.lib kernel32.lib user32.lib gdi32.lib winspool.lib comdlg32.lib advapi32.lib shell32.lib ole32.lib oleaut32.lib uuid.lib odbc32.lib odbccp32.lib kernel32.lib user32.lib gdi32.lib winspool.lib comdlg32.lib advapi32.lib shell32.lib ole32.lib oleaut32.lib uuid.lib odbc32.lib odbccp32.lib /MANIFEST /MANIFESTUAC:"level='asInvoker' uiAccess='false'" /manifest:embed /DEBUG /PDB:"C:\Users\majidGolshadi\Documents\Visual Studio 2012\Projects\CUDAMD5Example-master\CUDAMD5Example\Debug\CPU vs CUDA MD5.pdb" /SUBSYSTEM:CONSOLE /TLBID:1 /DYNAMICBASE /NXCOMPAT /IMPLIB:"C:\Users\majidGolshadi\Documents\Visual Studio 2012\Projects\CUDAMD5Example-master\CUDAMD5Example\Debug\CPU vs CUDA MD5.lib" /MACHINE:X86 Debug\md5kernel.cu.obj
         Debug\cpuMD5.obj
         Debug\main.obj
         Debug\md5.obj
         CUDAMD5Example.vcxproj -> C:\Users\majidGolshadi\Documents\Visual Studio 2012\Projects\CUDAMD5Example-master\CUDAMD5Example\Debug\CPU vs CUDA MD5.exe
       PostBuildEvent:
         echo copy "C:\Program Files\NVIDIA GPU Computing Toolkit\CUDA\v5.5\bin\cudart*.dll" "C:\Users\majidGolshadi\Documents\Visual Studio 2012\Projects\CUDAMD5Example-master\CUDAMD5Example\Debug\"
         copy "C:\Program Files\NVIDIA GPU Computing Toolkit\CUDA\v5.5\bin\cudart*.dll" "C:\Users\majidGolshadi\Documents\Visual Studio 2012\Projects\CUDAMD5Example-master\CUDAMD5Example\Debug\"
         :VCEnd
         copy "C:\Program Files\NVIDIA GPU Computing Toolkit\CUDA\v5.5\bin\cudart*.dll" "C:\Users\majidGolshadi\Documents\Visual Studio 2012\Projects\CUDAMD5Example-master\CUDAMD5Example\Debug\"
         C:\Program Files\NVIDIA GPU Computing Toolkit\CUDA\v5.5\bin\cudart32_55.dll
         C:\Program Files\NVIDIA GPU Computing Toolkit\CUDA\v5.5\bin\cudart64_55.dll
                 2 file(s) copied.
     1>Done Building Project "C:\Users\majidGolshadi\Documents\Visual Studio 2012\Projects\CUDAMD5Example-master\CUDAMD5Example\CUDAMD5Example.vcxproj" (Build target(s)).

Build succeeded.

Time Elapsed 00:00:07.76
